<?xml version="1.0" encoding="UTF-8"?>
<testng-results ignored="0" total="3" passed="3" failed="0" skipped="0">
  <reporter-output>
  </reporter-output>
  <suite started-at="2025-06-18T12:29:43 IST" name="Default suite" finished-at="2025-06-18T12:31:01 IST" duration-ms="78782">
    <groups>
      <group name="cucumber">
        <method signature="AbstractTestNGCucumberTests.runScenario(io.cucumber.testng.PickleWrapper,io.cucumber.testng.FeatureWrapper)[pri:0, instance:runner.TestRunner@4c309d4d]" name="runScenario" class="io.cucumber.testng.AbstractTestNGCucumberTests"/>
      </group> <!-- cucumber -->
    </groups>
    <test started-at="2025-06-18T12:29:43 IST" name="Default test" finished-at="2025-06-18T12:31:01 IST" duration-ms="78782">
      <class name="runner.TestRunner">
        <test-method is-config="true" signature="setUpClass(org.testng.ITestContext)[pri:0, instance:runner.TestRunner@4c309d4d]" started-at="2025-06-18T12:29:43 IST" name="setUpClass" finished-at="2025-06-18T12:29:43 IST" duration-ms="174" status="PASS">
          <params>
            <param index="0">
              <value>
                <![CDATA[org.testng.TestRunner@47b11ec7]]>
              </value>
            </param>
          </params>
          <reporter-output>
          </reporter-output>
        </test-method> <!-- setUpClass -->
        <test-method signature="runScenario(io.cucumber.testng.PickleWrapper,io.cucumber.testng.FeatureWrapper)[pri:0, instance:runner.TestRunner@4c309d4d]" started-at="2025-06-18T12:29:43 IST" name="runScenario" description="Runs Cucumber Scenarios" data-provider="scenarios" finished-at="2025-06-18T12:30:12 IST" duration-ms="29730" status="PASS">
          <params>
            <param index="0">
              <value>
                <![CDATA["TC01_AddSkills Record - creating skills record"]]>
              </value>
            </param>
            <param index="1">
              <value>
                <![CDATA["I am automating orangeHRM application"]]>
              </value>
            </param>
          </params>
          <reporter-output>
          </reporter-output>
        </test-method> <!-- runScenario -->
        <test-method signature="runScenario(io.cucumber.testng.PickleWrapper,io.cucumber.testng.FeatureWrapper)[pri:0, instance:runner.TestRunner@4c309d4d]" started-at="2025-06-18T12:30:12 IST" name="runScenario" description="Runs Cucumber Scenarios" data-provider="scenarios" finished-at="2025-06-18T12:30:37 IST" duration-ms="24678" status="PASS">
          <params>
            <param index="0">
              <value>
                <![CDATA["TC01_AddSkills Record - creating skills record"]]>
              </value>
            </param>
            <param index="1">
              <value>
                <![CDATA["I am automating orangeHRM application"]]>
              </value>
            </param>
          </params>
          <reporter-output>
          </reporter-output>
        </test-method> <!-- runScenario -->
        <test-method signature="runScenario(io.cucumber.testng.PickleWrapper,io.cucumber.testng.FeatureWrapper)[pri:0, instance:runner.TestRunner@4c309d4d]" started-at="2025-06-18T12:30:37 IST" name="runScenario" description="Runs Cucumber Scenarios" data-provider="scenarios" finished-at="2025-06-18T12:31:01 IST" duration-ms="24154" status="PASS">
          <params>
            <param index="0">
              <value>
                <![CDATA["TC01_AddSkills Record - creating skills record"]]>
              </value>
            </param>
            <param index="1">
              <value>
                <![CDATA["I am automating orangeHRM application"]]>
              </value>
            </param>
          </params>
          <reporter-output>
          </reporter-output>
        </test-method> <!-- runScenario -->
        <test-method is-config="true" signature="tearDownClass()[pri:0, instance:runner.TestRunner@4c309d4d]" started-at="2025-06-18T12:31:01 IST" name="tearDownClass" finished-at="2025-06-18T12:31:01 IST" duration-ms="14" status="PASS">
          <reporter-output>
          </reporter-output>
        </test-method> <!-- tearDownClass -->
      </class> <!-- runner.TestRunner -->
    </test> <!-- Default test -->
  </suite> <!-- Default suite -->
</testng-results>
